This is TeX, Version 3.14159265 (TeX Live 2014/Arch Linux) (preloaded format=tex 2015.4.28)  6 MAY 2015 18:31
**listings.ins
(./listings.ins (/usr/share/texmf-dist/tex/latex/base/docstrip.tex
\blockLevel=\count26
\emptyLines=\count27
\processedLines=\count28
\commentsRemoved=\count29
\commentsPassed=\count30
\codeLinesPassed=\count31
\TotalprocessedLines=\count32
\TotalcommentsRemoved=\count33
\TotalcommentsPassed=\count34
\TotalcodeLinesPassed=\count35
\NumberOfFiles=\count36
\inFile=\read0
\inputcheck=\read1
\@tempcnta=\count37
\off@0=\count38
\off@1=\count39
\off@2=\count40
\off@3=\count41
\off@4=\count42
\off@5=\count43
\off@6=\count44
\off@7=\count45
\off@8=\count46
\off@9=\count47
\off@10=\count48
\off@11=\count49
\off@12=\count50
\off@13=\count51
\off@14=\count52
\off@15=\count53
\@temptokena=\toks12
\@maxfiles=\count54
\@maxoutfiles=\count55

Utility: `docstrip' 2.5e <2014/09/29>
English documentation    <2014/09/29>

**********************************************************
* This program converts documented macro-files into fast *
* loadable files by stripping off (nearly) all comments! *
**********************************************************

********************************************************
* No Configuration file found, using default settings. *
********************************************************

)

Generating file(s) listings.sty lstmisc.sty lstdoc.sty lstdrvrs.ins listings.cf
g 
\openout0 = `listings.sty'.

\openout1 = `lstmisc.sty'.

\openout2 = `lstdoc.sty'.


Processing file listings.dtx (kernel) -> listings.sty
                             (misc,0.21) -> lstmisc.sty
                             (doc) -> lstdoc.sty
File listings.dtx ended by \endinput.
Lines  processed: 16556
Comments removed: 11704
Comments  passed: 12
Codelines passed: 4743

\openout0 = `lstdrvrs.ins'.

\openout1 = `listings.cfg'.


Processing file lstdrvrs.dtx (install) -> lstdrvrs.ins
                             (config) -> listings.cfg
File lstdrvrs.dtx ended by \endinput.
Lines  processed: 7421
Comments removed: 2053
Comments  passed: 293
Codelines passed: 4864

(./lstdrvrs.ins

Generating file(s) lstlang1.sty lstlang2.sty lstlang3.sty 
\openout0 = `lstlang1.sty'.

\openout1 = `lstlang2.sty'.

\openout2 = `lstlang3.sty'.


Processing file lstdrvrs.dtx (lang1) -> lstlang1.sty
                             (lang2) -> lstlang2.sty
                             (lang3) -> lstlang3.sty
File lstdrvrs.dtx ended by \endinput.
Lines  processed: 7421
Comments removed: 2053
Comments  passed: 293
Codelines passed: 4864


Generating file(s) listings-acm.prf listings-bash.prf listings-fortran.prf list
ings-lua.prf listings-python.prf 
\openout0 = `listings-acm.prf'.

\openout1 = `listings-bash.prf'.

\openout2 = `listings-fortran.prf'.

\openout3 = `listings-lua.prf'.

\openout4 = `listings-python.prf'.


Processing file lstdrvrs.dtx (acm-prf) -> listings-acm.prf
                             (bash-prf) -> listings-bash.prf
                             (fortran-prf) -> listings-fortran.prf
                             (lua-prf) -> listings-lua.prf
                             (python-prf) -> listings-python.prf
File lstdrvrs.dtx ended by \endinput.
Lines  processed: 7421
Comments removed: 2053
Comments  passed: 293
Codelines passed: 4864

)
*
* You probably need to move all created `.sty' and `.cfg'
* files into a directory searched by TeX.
*
* And don't forget to refresh your filename database
* if your TeX distribution uses such a database.
*
Overall statistics:
Files  processed: 4
Lines  processed: 38819
Comments removed: 17863
Comments  passed: 891
Codelines passed: 19335
 )
No pages of output.
